Arguments: 
  C:\Program Files\nodejs\node.exe C:\Users\se327\AppData\Roaming\npm\node_modules\yarn\bin\yarn.js add @openzeppelin/contracts

PATH: 
  C:\Python310\Scripts\;C:\Python310\;C:\Program Files (x86)\Common Files\Oracle\Java\javapath;C:\Python39\Scripts\;C:\Python39\;C:\Windows\system32;C:\Windows;C:\Windows\System32\Wbem;C:\Windows\System32\WindowsPowerShell\v1.0\;C:\Windows\System32\OpenSSH\;C:\ProgramData\chocolatey\bin;C:\Program Files\PuTTY\;C:\Program Files (x86)\NVIDIA Corporation\PhysX\Common;C:\Program Files\dotnet\;C:\Program Files (x86)\AOMEI\AOMEI Backupper\6.9.1;C:\Program Files\NVIDIA Corporation\NVIDIA NvDLISR;C:\Program Files\Go\bin;C:\Users\se327\AppData\Roaming\nvm;C:\Program Files\nodejs;C:\Program Files\Git\cmd;C:\Program Files\Docker\Docker\resources\bin;C:\Program Files\Git LFS;C:\Users\se327\.cargo\bin;C:\Users\se327\AppData\Local\Microsoft\WindowsApps;C:\Users\se327\AppData\Local\atom\bin;C:\Users\se327\AppData\Local\GitHubDesktop\bin;C:\Users\se327\AppData\Local\Programs\Microsoft VS Code\bin;C:\Users\se327\AppData\Roaming\npm;C:\Users\se327\go\bin;C:\Users\se327\AppData\Roaming\nvm;C:\Program Files\nodejs;C:\Users\se327\.dotnet\tools

Yarn version: 
  1.22.17

Node version: 
  18.18.0

Platform: 
  win32 x64

Trace: 
  Error: EPERM: operation not permitted, unlink 'C:\Users\se327\Desktop\Gelato\node_modules\@nomicfoundation\solidity-analyzer-win32-x64-msvc\solidity-analyzer.win32-x64-msvc.node'

npm manifest: 
  {
    "devDependencies": {
      "@nomicfoundation/hardhat-toolbox": "^5.0.0",
      "hardhat": "^2.22.12"
    },
    "dependencies": {
      "@uniswap/v2-core": "^1.0.1",
      "@uniswap/v2-periphery": "^1.1.0-beta.0"
    }
  }

yarn manifest: 
  No manifest

Lockfile: 
  No lockfile
